2025-10-29T19:12:00: 
2025-10-29T19:12:00: > compl-ai-website@0.1.0 start
2025-10-29T19:12:00: > next start
2025-10-29T19:12:00: 
2025-10-29T19:12:00:    ▲ Next.js 15.1.6
2025-10-29T19:12:00:    - Local:        http://localhost:3001
2025-10-29T19:12:00:    - Network:      http://147.93.85.168:3001
2025-10-29T19:12:00: 
2025-10-29T19:12:00:  ✓ Starting...
2025-10-29T19:12:00:  ✓ Ready in 408ms
2025-10-29T19:15:10:  ⚠ The "images.domains" configuration is deprecated. Please use "images.remotePatterns" configuration instead.
2025-10-29T19:21:35: 
2025-10-29T19:21:35: > compl-ai-website@0.1.0 start
2025-10-29T19:21:35: > next start
2025-10-29T19:21:35: 
2025-10-29T19:21:35:    ▲ Next.js 15.1.6
2025-10-29T19:21:35:    - Local:        http://localhost:3001
2025-10-29T19:21:35:    - Network:      http://147.93.85.168:3001
2025-10-29T19:21:35: 
2025-10-29T19:21:35:  ✓ Starting...
2025-10-29T19:21:36:  ✓ Ready in 419ms
2025-10-29T19:22:40: 
2025-10-29T19:22:40: > compl-ai-website@0.1.0 start
2025-10-29T19:22:40: > next start
2025-10-29T19:22:40: 
2025-10-29T19:22:40:    ▲ Next.js 15.1.6
2025-10-29T19:22:40:    - Local:        http://localhost:3001
2025-10-29T19:22:40:    - Network:      http://147.93.85.168:3001
2025-10-29T19:22:40: 
2025-10-29T19:22:40:  ✓ Starting...
2025-10-29T19:22:41:  ✓ Ready in 421ms
2025-10-29T19:22:47:  ⚠ The "images.domains" configuration is deprecated. Please use "images.remotePatterns" configuration instead.
2025-10-29T19:52:44: 
2025-10-29T19:52:44: > compl-ai-website@0.1.0 start
2025-10-29T19:52:44: > next start
2025-10-29T19:52:44: 
2025-10-29T19:52:44:    ▲ Next.js 15.1.6
2025-10-29T19:52:44:    - Local:        http://localhost:3001
2025-10-29T19:52:44:    - Network:      http://147.93.85.168:3001
2025-10-29T19:52:44: 
2025-10-29T19:52:44:  ✓ Starting...
2025-10-29T19:52:45:  ✓ Ready in 462ms
2025-10-29T19:55:23:  ⚠ The "images.domains" configuration is deprecated. Please use "images.remotePatterns" configuration instead.
2025-10-29T19:55:40: 
2025-10-29T19:55:40: > compl-ai-website@0.1.0 start
2025-10-29T19:55:40: > next start
2025-10-29T19:55:40: 
2025-10-29T19:55:40:    ▲ Next.js 15.1.6
2025-10-29T19:55:40:    - Local:        http://localhost:3001
2025-10-29T19:55:40:    - Network:      http://147.93.85.168:3001
2025-10-29T19:55:40: 
2025-10-29T19:55:40:  ✓ Starting...
2025-10-29T19:55:40:  ✓ Ready in 397ms
2025-10-29T19:55:55:  ⚠ The "images.domains" configuration is deprecated. Please use "images.remotePatterns" configuration instead.
