2025-10-29T19:12:00: 
2025-10-29T19:12:00: > compl-ai-website@0.1.0 start
2025-10-29T19:12:00: > next start
2025-10-29T19:12:00: 
2025-10-29T19:12:00:    ▲ Next.js 15.1.6
2025-10-29T19:12:00:    - Local:        http://localhost:3001
2025-10-29T19:12:00:    - Network:      http://147.93.85.168:3001
2025-10-29T19:12:00: 
2025-10-29T19:12:00:  ✓ Starting...
2025-10-29T19:12:00:  ✓ Ready in 408ms
2025-10-29T19:21:35: 
2025-10-29T19:21:35: > compl-ai-website@0.1.0 start
2025-10-29T19:21:35: > next start
2025-10-29T19:21:35: 
2025-10-29T19:21:35:    ▲ Next.js 15.1.6
2025-10-29T19:21:35:    - Local:        http://localhost:3001
2025-10-29T19:21:35:    - Network:      http://147.93.85.168:3001
2025-10-29T19:21:35: 
2025-10-29T19:21:35:  ✓ Starting...
2025-10-29T19:21:36:  ✓ Ready in 419ms
2025-10-29T19:22:40: 
2025-10-29T19:22:40: > compl-ai-website@0.1.0 start
2025-10-29T19:22:40: > next start
2025-10-29T19:22:40: 
2025-10-29T19:22:40:    ▲ Next.js 15.1.6
2025-10-29T19:22:40:    - Local:        http://localhost:3001
2025-10-29T19:22:40:    - Network:      http://147.93.85.168:3001
2025-10-29T19:22:40: 
2025-10-29T19:22:40:  ✓ Starting...
2025-10-29T19:22:41:  ✓ Ready in 421ms
2025-10-29T19:52:44: 
2025-10-29T19:52:44: > compl-ai-website@0.1.0 start
2025-10-29T19:52:44: > next start
2025-10-29T19:52:44: 
2025-10-29T19:52:44:    ▲ Next.js 15.1.6
2025-10-29T19:52:44:    - Local:        http://localhost:3001
2025-10-29T19:52:44:    - Network:      http://147.93.85.168:3001
2025-10-29T19:52:44: 
2025-10-29T19:52:44:  ✓ Starting...
2025-10-29T19:52:45:  ✓ Ready in 462ms
2025-10-29T19:55:40: 
2025-10-29T19:55:40: > compl-ai-website@0.1.0 start
2025-10-29T19:55:40: > next start
2025-10-29T19:55:40: 
2025-10-29T19:55:40:    ▲ Next.js 15.1.6
2025-10-29T19:55:40:    - Local:        http://localhost:3001
2025-10-29T19:55:40:    - Network:      http://147.93.85.168:3001
2025-10-29T19:55:40: 
2025-10-29T19:55:40:  ✓ Starting...
2025-10-29T19:55:40:  ✓ Ready in 397ms
2025-11-06T03:46:57: 
2025-11-06T03:46:57: > compl-ai-website@0.1.0 start
2025-11-06T03:46:57: > next start
2025-11-06T03:46:57: 
2025-11-06T03:46:58:    ▲ Next.js 15.1.6
2025-11-06T03:46:58:    - Local:        http://localhost:3001
2025-11-06T03:46:58:    - Network:      http://147.93.85.168:3001
2025-11-06T03:46:58: 
2025-11-06T03:46:58:  ✓ Starting...
2025-11-06T03:46:59:  ✓ Ready in 1439ms
2025-11-06T06:03:16: 
2025-11-06T06:03:16: > compl-ai-website@0.1.0 start
2025-11-06T06:03:16: > next start
2025-11-06T06:03:16: 
2025-11-06T06:03:17:    ▲ Next.js 15.1.6
2025-11-06T06:03:17:    - Local:        http://localhost:3001
2025-11-06T06:03:17:    - Network:      http://147.93.85.168:3001
2025-11-06T06:03:17: 
2025-11-06T06:03:17:  ✓ Starting...
2025-11-06T06:03:18:  ✓ Ready in 1408ms
2025-11-07T05:10:54: 
2025-11-07T05:10:54: > compl-ai-website@0.1.0 start
2025-11-07T05:10:54: > next start
2025-11-07T05:10:54: 
2025-11-07T05:10:55:    ▲ Next.js 15.1.6
2025-11-07T05:10:55:    - Local:        http://localhost:3001
2025-11-07T05:10:55:    - Network:      http://147.93.85.168:3001
2025-11-07T05:10:55: 
2025-11-07T05:10:55:  ✓ Starting...
2025-11-07T05:10:56:  ✓ Ready in 1312ms
2025-11-12T11:07:53: 
2025-11-12T11:07:53: > compl-ai-website@0.1.0 start
2025-11-12T11:07:53: > next start
2025-11-12T11:07:53: 
2025-11-12T11:07:53:    ▲ Next.js 15.1.6
2025-11-12T11:07:53:    - Local:        http://localhost:3001
2025-11-12T11:07:53:    - Network:      http://147.93.85.168:3001
2025-11-12T11:07:53: 
2025-11-12T11:07:53:  ✓ Starting...
2025-11-12T11:07:54:  ✓ Ready in 1378ms
2025-11-13T04:45:56: 
2025-11-13T04:45:56: > compl-ai-website@0.1.0 start
2025-11-13T04:45:56: > next start
2025-11-13T04:45:56: 
2025-11-13T04:45:57:    ▲ Next.js 15.1.6
2025-11-13T04:45:57:    - Local:        http://localhost:3001
2025-11-13T04:45:57:    - Network:      http://147.93.85.168:3001
2025-11-13T04:45:57: 
2025-11-13T04:45:57:  ✓ Starting...
2025-11-13T04:45:57:  ✓ Ready in 1291ms
2025-11-16T04:17:20: 
2025-11-16T04:17:20: > compl-ai-website@0.1.0 start
2025-11-16T04:17:20: > next start
2025-11-16T04:17:20: 
2025-11-16T04:17:21:    ▲ Next.js 15.1.6
2025-11-16T04:17:21:    - Local:        http://localhost:3001
2025-11-16T04:17:21:    - Network:      http://147.93.85.168:3001
2025-11-16T04:17:21: 
2025-11-16T04:17:21:  ✓ Starting...
2025-11-16T04:17:22:  ✓ Ready in 2.1s
2025-11-16T14:27:08: 
2025-11-16T14:27:08: > compl-ai-website@0.1.0 start
2025-11-16T14:27:08: > next start
2025-11-16T14:27:08: 
2025-11-16T14:27:08:    ▲ Next.js 15.1.6
2025-11-16T14:27:08:    - Local:        http://localhost:3001
2025-11-16T14:27:08:    - Network:      http://147.93.85.168:3001
2025-11-16T14:27:08: 
2025-11-16T14:27:08:  ✓ Starting...
2025-11-16T14:27:09:  ✓ Ready in 676ms
2025-11-16T14:39:32: 
2025-11-16T14:39:32: > compl-ai-website@0.1.0 start
2025-11-16T14:39:32: > next start
2025-11-16T14:39:32: 
2025-11-16T14:39:32:    ▲ Next.js 15.1.6
2025-11-16T14:39:32:    - Local:        http://localhost:3001
2025-11-16T14:39:32:    - Network:      http://147.93.85.168:3001
2025-11-16T14:39:32: 
2025-11-16T14:39:32:  ✓ Starting...
2025-11-16T14:39:33:  ✓ Ready in 429ms
2025-11-17T04:27:31: 
2025-11-17T04:27:31: > compl-ai-website@0.1.0 start
2025-11-17T04:27:31: > next start
2025-11-17T04:27:31: 
2025-11-17T04:27:31:    ▲ Next.js 15.1.6
2025-11-17T04:27:31:    - Local:        http://localhost:3001
2025-11-17T04:27:31:    - Network:      http://147.93.85.168:3001
2025-11-17T04:27:31: 
2025-11-17T04:27:31:  ✓ Starting...
2025-11-17T04:27:32:  ✓ Ready in 1039ms
2025-11-17T11:19:48: 
2025-11-17T11:19:48: > compl-ai-website@0.1.0 start
2025-11-17T11:19:48: > next start
2025-11-17T11:19:48: 
2025-11-17T11:19:48:    ▲ Next.js 15.1.6
2025-11-17T11:19:48:    - Local:        http://localhost:3001
2025-11-17T11:19:48:    - Network:      http://147.93.85.168:3001
2025-11-17T11:19:48: 
2025-11-17T11:19:48:  ✓ Starting...
2025-11-17T11:19:49:  ✓ Ready in 753ms
2025-11-17T12:47:27: 
2025-11-17T12:47:27: > compl-ai-website@0.1.0 start
2025-11-17T12:47:27: > next start
2025-11-17T12:47:27: 
2025-11-17T12:47:28:    ▲ Next.js 15.1.6
2025-11-17T12:47:28:    - Local:        http://localhost:3001
2025-11-17T12:47:28:    - Network:      http://147.93.85.168:3001
2025-11-17T12:47:28: 
2025-11-17T12:47:28:  ✓ Starting...
2025-11-17T12:47:28:  ✓ Ready in 745ms
2025-11-17T12:51:03: 
2025-11-17T12:51:03: > compl-ai-website@0.1.0 start
2025-11-17T12:51:03: > next start
2025-11-17T12:51:03: 
2025-11-17T12:51:04:    ▲ Next.js 15.1.6
2025-11-17T12:51:04:    - Local:        http://localhost:3001
2025-11-17T12:51:04:    - Network:      http://147.93.85.168:3001
2025-11-17T12:51:04: 
2025-11-17T12:51:04:  ✓ Starting...
2025-11-17T12:51:04:  ✓ Ready in 530ms
2025-11-17T12:52:46: 
2025-11-17T12:52:46: > compl-ai-website@0.1.0 start
2025-11-17T12:52:46: > next start
2025-11-17T12:52:46: 
2025-11-17T12:52:47:    ▲ Next.js 15.1.6
2025-11-17T12:52:47:    - Local:        http://localhost:3001
2025-11-17T12:52:47:    - Network:      http://147.93.85.168:3001
2025-11-17T12:52:47: 
2025-11-17T12:52:47:  ✓ Starting...
2025-11-17T12:52:47:  ✓ Ready in 431ms
2025-11-17T12:53:34: 
2025-11-17T12:53:34: > compl-ai-website@0.1.0 start
2025-11-17T12:53:34: > next start
2025-11-17T12:53:34: 
2025-11-17T12:53:34:    ▲ Next.js 15.1.6
2025-11-17T12:53:34:    - Local:        http://localhost:3001
2025-11-17T12:53:34:    - Network:      http://147.93.85.168:3001
2025-11-17T12:53:34: 
2025-11-17T12:53:34:  ✓ Starting...
2025-11-17T12:53:35:  ✓ Ready in 437ms
2025-11-17T12:58:04: 
2025-11-17T12:58:04: > compl-ai-website@0.1.0 start
2025-11-17T12:58:04: > next start
2025-11-17T12:58:04: 
2025-11-17T12:58:05:    ▲ Next.js 15.1.6
2025-11-17T12:58:05:    - Local:        http://localhost:3001
2025-11-17T12:58:05:    - Network:      http://147.93.85.168:3001
2025-11-17T12:58:05: 
2025-11-17T12:58:05:  ✓ Starting...
2025-11-17T12:58:05:  ✓ Ready in 471ms
2025-11-17T12:59:38: 
2025-11-17T12:59:38: > compl-ai-website@0.1.0 start
2025-11-17T12:59:38: > next start
2025-11-17T12:59:38: 
2025-11-17T12:59:38:    ▲ Next.js 15.1.6
2025-11-17T12:59:38:    - Local:        http://localhost:3001
2025-11-17T12:59:38:    - Network:      http://147.93.85.168:3001
2025-11-17T12:59:38: 
2025-11-17T12:59:38:  ✓ Starting...
2025-11-17T12:59:38:  ✓ Ready in 497ms
2025-11-17T13:07:02: 
2025-11-17T13:07:02: > compl-ai-website@0.1.0 start
2025-11-17T13:07:02: > next start
2025-11-17T13:07:02: 
2025-11-17T13:07:03:    ▲ Next.js 15.1.6
2025-11-17T13:07:03:    - Local:        http://localhost:3001
2025-11-17T13:07:03:    - Network:      http://147.93.85.168:3001
2025-11-17T13:07:03: 
2025-11-17T13:07:03:  ✓ Starting...
2025-11-17T13:07:03:  ✓ Ready in 444ms
